mktextfm Tempora
mktextfm Tempora
mktextfm Tempora
mktextfm Arial
mktextfm Tempora
mktextfm Tempora
mktextfm Tempora
mktextfm Tempora
mktextfm Tempora
mktextfm Tempora/BI
mktextfm Tempora
mktextfm Tempora/B
mktextfm Tempora
mktextfm Tempora/I
mktextfm Tempora
mktextfm Tempora
mktextfm Tempora
mktextfm Tempora
mktextfm Tempora
mktextfm Tempora
mktextfm Tempora/BI
mktextfm Tempora
mktextfm Tempora/B
mktextfm Tempora
mktextfm Tempora/I
mktextfm Tempora
mktextfm Tempora
mktextfm Tempora
mktextfm Tempora
mktextfm Tempora
mktextfm Tempora
mktextfm Tempora
mktextfm Tempora
mktextfm Tempora
mktextfm Tempora
mktextfm Tempora
mktextfm Tempora
mktextfm Tempora
mktextfm Tempora
mktextfm Tempora
mktextfm Tempora
mktextfm Tempora
mktextfm Tempora
mktextfm Tempora
